<?xml version="1.0" encoding="UTF-8"?>
<testng-results skipped="0" failed="0" ignored="0" total="1" passed="1">
  <reporter-output>
  </reporter-output>
  <suite name="Default suite" duration-ms="7202" started-at="2018-09-25T10:34:28Z" finished-at="2018-09-25T10:34:35Z">
    <groups>
    </groups>
    <test name="Default test" duration-ms="7202" started-at="2018-09-25T10:34:28Z" finished-at="2018-09-25T10:34:35Z">
      <class name="testcases.TC001">
        <test-method status="PASS" signature="startbrowser()[pri:0, instance:testcases.TC001@436e852b]" name="startbrowser" duration-ms="7166" started-at="2018-09-25T10:34:28Z" finished-at="2018-09-25T10:34:35Z">
          <reporter-output>
          </reporter-output>
        </test-method> <!-- startbrowser -->
      </class> <!-- testcases.TC001 -->
    </test> <!-- Default test -->
  </suite> <!-- Default suite -->
</testng-results>
